[2022-10-12T18:57:18.339] [WARN] development - Route: /fakeRoute Method: GET No Implemented
[2022-10-12T19:30:53.655] [WARN] development - Route: /productos Method: GET No Implemented
[2022-10-13T12:24:39.602] [ERROR] development - Error: TypeError: this.products.filterByCategory is not a function
[2022-10-13T12:30:38.564] [ERROR] development - Error: ReferenceError: logger is not defined
[2022-10-13T12:31:06.448] [ERROR] development - Error: TypeError: this.getByProperty is not a function
[2022-10-13T12:31:15.987] [WARN] development - Route: /asdasdasd Method: GET No Implemented
[2022-10-13T12:31:18.881] [ERROR] development - Error: TypeError: this.getByProperty is not a function
[2022-10-13T12:31:51.264] [WARN] development - Route: /dasasd Method: GET No Implemented
[2022-10-13T12:32:35.378] [WARN] development - Route: /asdasdasd Method: GET No Implemented
[2022-10-13T12:32:43.538] [WARN] development - Route: /asdasdasd Method: GET No Implemented
[2022-10-13T12:32:43.547] [WARN] development - Route: /asdasdsdasd Method: GET No Implemented
[2022-10-13T12:33:21.912] [WARN] development - Route: /asd Method: GET No Implemented
[2022-10-13T12:34:26.454] [ERROR] development - Error: ReferenceError: logger is not defined
[2022-10-13T12:35:11.001] [WARN] development - Route: /asd Method: GET No Implemented
[2022-10-13T12:35:21.899] [WARN] development - Route: /asd Method: GET No Implemented
[2022-10-13T12:35:21.910] [WARN] development - Route: /123 Method: GET No Implemented
[2022-10-13T12:35:24.024] [WARN] development - Route: /asd Method: GET No Implemented
[2022-10-13T12:35:30.121] [WARN] development - Route: /productos Method: GET No Implemented
[2022-10-13T12:35:34.022] [WARN] development - Route: /asd Method: GET No Implemented
[2022-10-13T12:35:34.026] [WARN] development - Route: /123 Method: GET No Implemented
[2022-10-13T12:38:28.820] [WARN] development - Route: /asd Method: GET No Implemented
[2022-10-13T12:41:06.687] [WARN] development - Route: /asd Method: GET No Implemented
[2022-10-13T12:41:43.243] [WARN] development - Route: /asd Method: GET No Implemented
[2022-10-13T12:41:49.922] [WARN] development - Route: /asd Method: GET No Implemented
[2022-10-13T12:41:49.930] [WARN] development - Route: /qwe Method: GET No Implemented
[2022-10-13T12:42:37.450] [WARN] development - Route: /asd Method: GET No Implemented
[2022-10-13T12:42:44.664] [WARN] development - Route: /asd Method: GET No Implemented
[2022-10-13T12:42:44.675] [WARN] development - Route: /asdasd Method: GET No Implemented
[2022-10-13T12:53:21.590] [WARN] development - Route: /products Method: DELETE No Implemented
[2022-10-13T12:54:13.362] [WARN] development - Route: /asd Method: GET No Implemented
[2022-10-13T12:55:31.769] [WARN] development - Route: /asd Method: GET No Implemented
[2022-10-13T12:55:41.769] [WARN] development - Route: /asd Method: GET No Implemented
[2022-10-13T12:55:41.777] [WARN] development - Route: /asdasda Method: GET No Implemented
[2022-10-13T12:55:48.193] [WARN] development - Route: /asd Method: GET No Implemented
[2022-10-13T12:57:12.165] [WARN] development - Route: /asd Method: GET No Implemented
[2022-10-13T12:57:13.234] [WARN] development - Route: /asd Method: GET No Implemented
[2022-10-13T12:57:14.935] [WARN] development - Route: /asd Method: GET No Implemented
[2022-10-13T12:57:45.064] [WARN] development - Route: /asd Method: GET No Implemented
[2022-10-13T12:57:45.827] [WARN] development - Route: /asd Method: GET No Implemented
[2022-10-13T12:58:19.308] [WARN] development - Route: /asd Method: GET No Implemented
[2022-10-13T12:58:24.841] [WARN] development - Route: /asd Method: GET No Implemented
[2022-10-13T12:58:24.852] [WARN] development - Route: /qwe Method: GET No Implemented
[2022-10-13T12:59:24.996] [WARN] development - Route: /asd Method: GET No Implemented
[2022-10-13T12:59:35.424] [WARN] development - Route: /un%20thumbnail Method: GET No Implemented
[2022-10-13T13:00:54.720] [WARN] development - Route: /asd Method: GET No Implemented
[2022-10-13T13:01:00.948] [WARN] development - Route: /un%20thumbnail Method: GET No Implemented
[2022-10-13T13:16:58.114] [WARN] development - Route: /asd Method: GET No Implemented
[2022-10-13T13:19:09.189] [WARN] development - Route: /asd Method: GET No Implemented
[2022-10-13T13:20:14.588] [WARN] development - Route: /asd Method: GET No Implemented
[2022-10-13T13:24:03.886] [WARN] development - Route: /ads Method: GET No Implemented
[2022-10-13T13:24:59.988] [WARN] development - Route: /asd Method: GET No Implemented
[2022-10-13T13:25:45.787] [WARN] development - Route: /asd Method: GET No Implemented
